Analysis & Elaboration report for sobel_detector
Wed Nov 01 16:36:29 2023
Quartus Prime Version 18.1.0 Build 625 09/12/2018 SJ Standard Edition


---------------------
; Table of Contents ;
---------------------
  1. Legal Notice
  2. Analysis & Elaboration Summary
  3. Parallel Compilation
  4. Parameter Settings for User Entity Instance: Top-level Entity: |sobel_detector
  5. Parameter Settings for User Entity Instance: Matrix_Generate_3x3_8Bit:Matrix_Generate_3x3_8Bit
  6. Parameter Settings for User Entity Instance: Matrix_Generate_3x3_8Bit:Matrix_Generate_3x3_8Bit|sync_fifo:sync_fifo_inst1
  7. Parameter Settings for User Entity Instance: Matrix_Generate_3x3_8Bit:Matrix_Generate_3x3_8Bit|sync_fifo:sync_fifo_inst2
  8. Analysis & Elaboration Settings
  9. Port Connectivity Checks: "sqrt:sqrt_inst"
 10. Port Connectivity Checks: "Matrix_Generate_3x3_8Bit:Matrix_Generate_3x3_8Bit|sync_fifo:sync_fifo_inst2"
 11. Port Connectivity Checks: "Matrix_Generate_3x3_8Bit:Matrix_Generate_3x3_8Bit|sync_fifo:sync_fifo_inst1"
 12. Port Connectivity Checks: "Matrix_Generate_3x3_8Bit:Matrix_Generate_3x3_8Bit"
 13. Analysis & Elaboration Messages



----------------
; Legal Notice ;
----------------
Copyright (C) 2018  Intel Corporation. All rights reserved.
Your use of Intel Corporation's design tools, logic functions 
and other software and tools, and its AMPP partner logic 
functions, and any output files from any of the foregoing 
(including device programming or simulation files), and any 
associated documentation or information are expressly subject 
to the terms and conditions of the Intel Program License 
Subscription Agreement, the Intel Quartus Prime License Agreement,
the Intel FPGA IP License Agreement, or other applicable license
agreement, including, without limitation, that your use is for
the sole purpose of programming logic devices manufactured by
Intel and sold by Intel or its authorized distributors.  Please
refer to the applicable agreement for further details.



+--------------------------------------------------------------------------------------+
; Analysis & Elaboration Summary                                                       ;
+------------------------------------+-------------------------------------------------+
; Analysis & Elaboration Status      ; Successful - Wed Nov 01 16:36:29 2023           ;
; Quartus Prime Version              ; 18.1.0 Build 625 09/12/2018 SJ Standard Edition ;
; Revision Name                      ; sobel_detector                                  ;
; Top-level Entity Name              ; sobel_detector                                  ;
; Family                             ; Cyclone IV E                                    ;
; Total logic elements               ; N/A until Partition Merge                       ;
;     Total combinational functions  ; N/A until Partition Merge                       ;
;     Dedicated logic registers      ; N/A until Partition Merge                       ;
; Total registers                    ; N/A until Partition Merge                       ;
; Total pins                         ; N/A until Partition Merge                       ;
; Total virtual pins                 ; N/A until Partition Merge                       ;
; Total memory bits                  ; N/A until Partition Merge                       ;
; Embedded Multiplier 9-bit elements ; N/A until Partition Merge                       ;
; Total PLLs                         ; N/A until Partition Merge                       ;
+------------------------------------+-------------------------------------------------+


+------------------------------------------+
; Parallel Compilation                     ;
+----------------------------+-------------+
; Processors                 ; Number      ;
+----------------------------+-------------+
; Number detected on machine ; 12          ;
; Maximum allowed            ; 6           ;
;                            ;             ;
; Average used               ; 1.00        ;
; Maximum used               ; 1           ;
;                            ;             ;
; Usage by Processor         ; % Time Used ;
;     Processor 1            ; 100.0%      ;
+----------------------------+-------------+


+--------------------------------------------------------------------------------+
; Parameter Settings for User Entity Instance: Top-level Entity: |sobel_detector ;
+----------------+-------+-------------------------------------------------------+
; Parameter Name ; Value ; Type                                                  ;
+----------------+-------+-------------------------------------------------------+
; IMG_H_DISP     ; 640   ; Signed Integer                                        ;
; IMG_V_DISP     ; 480   ; Signed Integer                                        ;
+----------------+-------+-------------------------------------------------------+
Note: In order to hide this table in the UI and the text report file, please set the "Show Parameter Settings in Synthesis Report" option in "Analysis and Synthesis Settings -> More Settings" to "Off".


+------------------------------------------------------------------------------------------------+
; Parameter Settings for User Entity Instance: Matrix_Generate_3x3_8Bit:Matrix_Generate_3x3_8Bit ;
+----------------+-------+-----------------------------------------------------------------------+
; Parameter Name ; Value ; Type                                                                  ;
+----------------+-------+-----------------------------------------------------------------------+
; IMG_H_DISP     ; 640   ; Signed Integer                                                        ;
; IMG_V_DISP     ; 480   ; Signed Integer                                                        ;
; DELAY_NUM      ; 10    ; Signed Integer                                                        ;
+----------------+-------+-----------------------------------------------------------------------+
Note: In order to hide this table in the UI and the text report file, please set the "Show Parameter Settings in Synthesis Report" option in "Analysis and Synthesis Settings -> More Settings" to "Off".


+--------------------------------------------------------------------------------------------------------------------------+
; Parameter Settings for User Entity Instance: Matrix_Generate_3x3_8Bit:Matrix_Generate_3x3_8Bit|sync_fifo:sync_fifo_inst1 ;
+----------------+-------+-------------------------------------------------------------------------------------------------+
; Parameter Name ; Value ; Type                                                                                            ;
+----------------+-------+-------------------------------------------------------------------------------------------------+
; C_FIFO_WIDTH   ; 8     ; Signed Integer                                                                                  ;
; C_FIFO_DEPTH   ; 1024  ; Signed Integer                                                                                  ;
+----------------+-------+-------------------------------------------------------------------------------------------------+
Note: In order to hide this table in the UI and the text report file, please set the "Show Parameter Settings in Synthesis Report" option in "Analysis and Synthesis Settings -> More Settings" to "Off".


+--------------------------------------------------------------------------------------------------------------------------+
; Parameter Settings for User Entity Instance: Matrix_Generate_3x3_8Bit:Matrix_Generate_3x3_8Bit|sync_fifo:sync_fifo_inst2 ;
+----------------+-------+-------------------------------------------------------------------------------------------------+
; Parameter Name ; Value ; Type                                                                                            ;
+----------------+-------+-------------------------------------------------------------------------------------------------+
; C_FIFO_WIDTH   ; 8     ; Signed Integer                                                                                  ;
; C_FIFO_DEPTH   ; 1024  ; Signed Integer                                                                                  ;
+----------------+-------+-------------------------------------------------------------------------------------------------+
Note: In order to hide this table in the UI and the text report file, please set the "Show Parameter Settings in Synthesis Report" option in "Analysis and Synthesis Settings -> More Settings" to "Off".


+------------------------------------------------------------------------------------------------------------+
; Analysis & Elaboration Settings                                                                            ;
+------------------------------------------------------------------+--------------------+--------------------+
; Option                                                           ; Setting            ; Default Value      ;
+------------------------------------------------------------------+--------------------+--------------------+
; Device                                                           ; EP4CE10F17C8       ;                    ;
; Top-level entity name                                            ; sobel_detector     ; sobel_detector     ;
; Family name                                                      ; Cyclone IV E       ; Cyclone V          ;
; Use smart compilation                                            ; Off                ; Off                ;
; Enable parallel Assembler and Timing Analyzer during compilation ; On                 ; On                 ;
; Enable compact report table                                      ; Off                ; Off                ;
; Restructure Multiplexers                                         ; Auto               ; Auto               ;
; Create Debugging Nodes for IP Cores                              ; Off                ; Off                ;
; Preserve fewer node names                                        ; On                 ; On                 ;
; Intel FPGA IP Evaluation Mode                                    ; Enable             ; Enable             ;
; Verilog Version                                                  ; Verilog_2001       ; Verilog_2001       ;
; VHDL Version                                                     ; VHDL_1993          ; VHDL_1993          ;
; State Machine Processing                                         ; Auto               ; Auto               ;
; Safe State Machine                                               ; Off                ; Off                ;
; Extract Verilog State Machines                                   ; On                 ; On                 ;
; Extract VHDL State Machines                                      ; On                 ; On                 ;
; Ignore Verilog initial constructs                                ; Off                ; Off                ;
; Iteration limit for constant Verilog loops                       ; 5000               ; 5000               ;
; Iteration limit for non-constant Verilog loops                   ; 250                ; 250                ;
; Add Pass-Through Logic to Inferred RAMs                          ; On                 ; On                 ;
; Infer RAMs from Raw Logic                                        ; On                 ; On                 ;
; Parallel Synthesis                                               ; On                 ; On                 ;
; DSP Block Balancing                                              ; Auto               ; Auto               ;
; NOT Gate Push-Back                                               ; On                 ; On                 ;
; Power-Up Don't Care                                              ; On                 ; On                 ;
; Remove Redundant Logic Cells                                     ; Off                ; Off                ;
; Remove Duplicate Registers                                       ; On                 ; On                 ;
; Ignore CARRY Buffers                                             ; Off                ; Off                ;
; Ignore CASCADE Buffers                                           ; Off                ; Off                ;
; Ignore GLOBAL Buffers                                            ; Off                ; Off                ;
; Ignore ROW GLOBAL Buffers                                        ; Off                ; Off                ;
; Ignore LCELL Buffers                                             ; Off                ; Off                ;
; Ignore SOFT Buffers                                              ; On                 ; On                 ;
; Limit AHDL Integers to 32 Bits                                   ; Off                ; Off                ;
; Optimization Technique                                           ; Balanced           ; Balanced           ;
; Carry Chain Length                                               ; 70                 ; 70                 ;
; Auto Carry Chains                                                ; On                 ; On                 ;
; Auto Open-Drain Pins                                             ; On                 ; On                 ;
; Perform WYSIWYG Primitive Resynthesis                            ; Off                ; Off                ;
; Auto ROM Replacement                                             ; On                 ; On                 ;
; Auto RAM Replacement                                             ; On                 ; On                 ;
; Auto DSP Block Replacement                                       ; On                 ; On                 ;
; Auto Shift Register Replacement                                  ; Auto               ; Auto               ;
; Allow Shift Register Merging across Hierarchies                  ; Auto               ; Auto               ;
; Auto Clock Enable Replacement                                    ; On                 ; On                 ;
; Strict RAM Replacement                                           ; Off                ; Off                ;
; Allow Synchronous Control Signals                                ; On                 ; On                 ;
; Force Use of Synchronous Clear Signals                           ; Off                ; Off                ;
; Auto RAM Block Balancing                                         ; On                 ; On                 ;
; Auto RAM to Logic Cell Conversion                                ; Off                ; Off                ;
; Auto Resource Sharing                                            ; Off                ; Off                ;
; Allow Any RAM Size For Recognition                               ; Off                ; Off                ;
; Allow Any ROM Size For Recognition                               ; Off                ; Off                ;
; Allow Any Shift Register Size For Recognition                    ; Off                ; Off                ;
; Use LogicLock Constraints during Resource Balancing              ; On                 ; On                 ;
; Ignore translate_off and synthesis_off directives                ; Off                ; Off                ;
; Timing-Driven Synthesis                                          ; On                 ; On                 ;
; Report Parameter Settings                                        ; On                 ; On                 ;
; Report Source Assignments                                        ; On                 ; On                 ;
; Report Connectivity Checks                                       ; On                 ; On                 ;
; Ignore Maximum Fan-Out Assignments                               ; Off                ; Off                ;
; Synchronization Register Chain Length                            ; 2                  ; 2                  ;
; Power Optimization During Synthesis                              ; Normal compilation ; Normal compilation ;
; HDL message level                                                ; Level2             ; Level2             ;
; Suppress Register Optimization Related Messages                  ; Off                ; Off                ;
; Number of Removed Registers Reported in Synthesis Report         ; 5000               ; 5000               ;
; Number of Swept Nodes Reported in Synthesis Report               ; 5000               ; 5000               ;
; Number of Inverted Registers Reported in Synthesis Report        ; 100                ; 100                ;
; Clock MUX Protection                                             ; On                 ; On                 ;
; Auto Gated Clock Conversion                                      ; Off                ; Off                ;
; Block Design Naming                                              ; Auto               ; Auto               ;
; SDC constraint protection                                        ; Off                ; Off                ;
; Synthesis Effort                                                 ; Auto               ; Auto               ;
; Shift Register Replacement - Allow Asynchronous Clear Signal     ; On                 ; On                 ;
; Pre-Mapping Resynthesis Optimization                             ; Off                ; Off                ;
; Analysis & Synthesis Message Level                               ; Medium             ; Medium             ;
; Disable Register Merging Across Hierarchies                      ; Auto               ; Auto               ;
; Resource Aware Inference For Block RAM                           ; On                 ; On                 ;
+------------------------------------------------------------------+--------------------+--------------------+


+---------------------------------------------------------+
; Port Connectivity Checks: "sqrt:sqrt_inst"              ;
+------------+--------+----------+------------------------+
; Port       ; Type   ; Severity ; Details                ;
+------------+--------+----------+------------------------+
; din_valid  ; Input  ; Info     ; Stuck at VCC           ;
; dout_valid ; Output ; Info     ; Explicitly unconnected ;
+------------+--------+----------+------------------------+


+------------------------------------------------------------------------------------------------------------------------------------------------------------------------------------+
; Port Connectivity Checks: "Matrix_Generate_3x3_8Bit:Matrix_Generate_3x3_8Bit|sync_fifo:sync_fifo_inst2"                                                                            ;
+------------+--------+----------+---------------------------------------------------------------------------------------------------------------------------------------------------+
; Port       ; Type   ; Severity ; Details                                                                                                                                           ;
+------------+--------+----------+---------------------------------------------------------------------------------------------------------------------------------------------------+
; din        ; Input  ; Warning  ; Input port expression (8 bits) is smaller than the input port (1024 bits) it drives.  Extra input bit(s) "din[1023..8]" will be connected to GND. ;
; full       ; Output ; Info     ; Explicitly unconnected                                                                                                                            ;
; empty      ; Output ; Info     ; Explicitly unconnected                                                                                                                            ;
; dout       ; Output ; Warning  ; Output or bidir port (1024 bits) is wider than the port expression (8 bits) it drives; bit(s) "dout[1023..8]" have no fanouts                     ;
; data_count ; Output ; Info     ; Explicitly unconnected                                                                                                                            ;
+------------+--------+----------+---------------------------------------------------------------------------------------------------------------------------------------------------+


+------------------------------------------------------------------------------------------------------------------------------------------------------------------------------------+
; Port Connectivity Checks: "Matrix_Generate_3x3_8Bit:Matrix_Generate_3x3_8Bit|sync_fifo:sync_fifo_inst1"                                                                            ;
+------------+--------+----------+---------------------------------------------------------------------------------------------------------------------------------------------------+
; Port       ; Type   ; Severity ; Details                                                                                                                                           ;
+------------+--------+----------+---------------------------------------------------------------------------------------------------------------------------------------------------+
; din        ; Input  ; Warning  ; Input port expression (8 bits) is smaller than the input port (1024 bits) it drives.  Extra input bit(s) "din[1023..8]" will be connected to GND. ;
; full       ; Output ; Info     ; Explicitly unconnected                                                                                                                            ;
; empty      ; Output ; Info     ; Explicitly unconnected                                                                                                                            ;
; dout       ; Output ; Warning  ; Output or bidir port (1024 bits) is wider than the port expression (8 bits) it drives; bit(s) "dout[1023..8]" have no fanouts                     ;
; data_count ; Output ; Info     ; Explicitly unconnected                                                                                                                            ;
+------------+--------+----------+---------------------------------------------------------------------------------------------------------------------------------------------------+


+----------------------------------------------------------------------------------------------------------------------+
; Port Connectivity Checks: "Matrix_Generate_3x3_8Bit:Matrix_Generate_3x3_8Bit"                                        ;
+------------+--------+----------+-------------------------------------------------------------------------------------+
; Port       ; Type   ; Severity ; Details                                                                             ;
+------------+--------+----------+-------------------------------------------------------------------------------------+
; matrix_p22 ; Output ; Info     ; Connected to dangling logic. Logic that only feeds a dangling port will be removed. ;
+------------+--------+----------+-------------------------------------------------------------------------------------+


+---------------------------------+
; Analysis & Elaboration Messages ;
+---------------------------------+
Info: *******************************************************************
Info: Running Quartus Prime Analysis & Elaboration
    Info: Version 18.1.0 Build 625 09/12/2018 SJ Standard Edition
    Info: Processing started: Wed Nov 01 16:36:20 2023
Info: Command: quartus_map --read_settings_files=on --write_settings_files=off sobel_detector -c sobel_detector --analysis_and_elaboration
Warning (18236): Number of processors has not been specified which may cause overloading on shared machines.  Set the global assignment NUM_PARALLEL_PROCESSORS in your QSF to an appropriate value for best performance.
Info (20030): Parallel compilation is enabled and will use 6 of the 6 processors detected
Info (12021): Found 1 design units, including 1 entities, in source file /image/image_processing/sobel/verilog/rtl/sync_fifo.v
    Info (12023): Found entity 1: sync_fifo File: E:/image/image_processing/Sobel/Verilog/rtl/sync_fifo.v Line: 1
Info (12021): Found 1 design units, including 1 entities, in source file /image/image_processing/sobel/verilog/rtl/sqrt.v
    Info (12023): Found entity 1: sqrt File: E:/image/image_processing/Sobel/Verilog/rtl/sqrt.v Line: 1
Info (12021): Found 1 design units, including 1 entities, in source file /image/image_processing/sobel/verilog/rtl/sobel_detector.v
    Info (12023): Found entity 1: sobel_detector File: E:/image/image_processing/Sobel/Verilog/rtl/sobel_detector.v Line: 1
Info (12021): Found 1 design units, including 1 entities, in source file /image/image_processing/sobel/verilog/rtl/matrix_generate_3x3_8bit.v
    Info (12023): Found entity 1: Matrix_Generate_3x3_8Bit File: E:/image/image_processing/Sobel/Verilog/rtl/Matrix_Generate_3x3_8Bit.v Line: 1
Info (12127): Elaborating entity "sobel_detector" for the top level hierarchy
Info (12128): Elaborating entity "Matrix_Generate_3x3_8Bit" for hierarchy "Matrix_Generate_3x3_8Bit:Matrix_Generate_3x3_8Bit" File: E:/image/image_processing/Sobel/Verilog/rtl/sobel_detector.v Line: 72
Info (12128): Elaborating entity "sync_fifo" for hierarchy "Matrix_Generate_3x3_8Bit:Matrix_Generate_3x3_8Bit|sync_fifo:sync_fifo_inst1" File: E:/image/image_processing/Sobel/Verilog/rtl/Matrix_Generate_3x3_8Bit.v Line: 135
Warning (10230): Verilog HDL assignment warning at sync_fifo.v(50): truncated value with size 1024 to match size of target (8) File: E:/image/image_processing/Sobel/Verilog/rtl/sync_fifo.v Line: 50
Info (12128): Elaborating entity "sqrt" for hierarchy "sqrt:sqrt_inst" File: E:/image/image_processing/Sobel/Verilog/rtl/sobel_detector.v Line: 105
Warning (12241): 2 hierarchies have connectivity warnings - see the Connectivity Checks report folder
Info: Quartus Prime Analysis & Elaboration was successful. 0 errors, 3 warnings
    Info: Peak virtual memory: 4714 megabytes
    Info: Processing ended: Wed Nov 01 16:36:29 2023
    Info: Elapsed time: 00:00:09
    Info: Total CPU time (on all processors): 00:00:19


