Analysis & Elaboration report for image_HistEQ
Sun Sep 17 17:14:16 2023
Quartus Prime Version 18.1.0 Build 625 09/12/2018 SJ Standard Edition


---------------------
; Table of Contents ;
---------------------
  1. Legal Notice
  2. Analysis & Elaboration Summary
  3. Parallel Compilation
  4. Parameter Settings for User Entity Instance: hist_stat:hist_stat_inst|ram_dual_port:ram_dual_port_inst
  5. Parameter Settings for User Entity Instance: histEQ_proc:histEQ_proc_inst|ram_dual_port:ram_dual_port_inst
  6. Analysis & Elaboration Settings
  7. Port Connectivity Checks: "histEQ_proc:histEQ_proc_inst|ram_dual_port:ram_dual_port_inst"
  8. Port Connectivity Checks: "histEQ_proc:histEQ_proc_inst"
  9. Port Connectivity Checks: "hist_stat:hist_stat_inst|ram_dual_port:ram_dual_port_inst"
 10. Port Connectivity Checks: "hist_stat:hist_stat_inst"
 11. Analysis & Elaboration Messages



----------------
; Legal Notice ;
----------------
Copyright (C) 2018  Intel Corporation. All rights reserved.
Your use of Intel Corporation's design tools, logic functions 
and other software and tools, and its AMPP partner logic 
functions, and any output files from any of the foregoing 
(including device programming or simulation files), and any 
associated documentation or information are expressly subject 
to the terms and conditions of the Intel Program License 
Subscription Agreement, the Intel Quartus Prime License Agreement,
the Intel FPGA IP License Agreement, or other applicable license
agreement, including, without limitation, that your use is for
the sole purpose of programming logic devices manufactured by
Intel and sold by Intel or its authorized distributors.  Please
refer to the applicable agreement for further details.



+--------------------------------------------------------------------------------------+
; Analysis & Elaboration Summary                                                       ;
+------------------------------------+-------------------------------------------------+
; Analysis & Elaboration Status      ; Successful - Sun Sep 17 17:14:16 2023           ;
; Quartus Prime Version              ; 18.1.0 Build 625 09/12/2018 SJ Standard Edition ;
; Revision Name                      ; image_HistEQ                                    ;
; Top-level Entity Name              ; image_HistEQ                                    ;
; Family                             ; Cyclone IV E                                    ;
; Total logic elements               ; N/A until Partition Merge                       ;
;     Total combinational functions  ; N/A until Partition Merge                       ;
;     Dedicated logic registers      ; N/A until Partition Merge                       ;
; Total registers                    ; N/A until Partition Merge                       ;
; Total pins                         ; N/A until Partition Merge                       ;
; Total virtual pins                 ; N/A until Partition Merge                       ;
; Total memory bits                  ; N/A until Partition Merge                       ;
; Embedded Multiplier 9-bit elements ; N/A until Partition Merge                       ;
; Total PLLs                         ; N/A until Partition Merge                       ;
+------------------------------------+-------------------------------------------------+


+------------------------------------------+
; Parallel Compilation                     ;
+----------------------------+-------------+
; Processors                 ; Number      ;
+----------------------------+-------------+
; Number detected on machine ; 12          ;
; Maximum allowed            ; 6           ;
;                            ;             ;
; Average used               ; 1.00        ;
; Maximum used               ; 1           ;
;                            ;             ;
; Usage by Processor         ; % Time Used ;
;     Processor 1            ; 100.0%      ;
+----------------------------+-------------+


+--------------------------------------------------------------------------------------------------------+
; Parameter Settings for User Entity Instance: hist_stat:hist_stat_inst|ram_dual_port:ram_dual_port_inst ;
+----------------+-------+-------------------------------------------------------------------------------+
; Parameter Name ; Value ; Type                                                                          ;
+----------------+-------+-------------------------------------------------------------------------------+
; C_ADDR_WIDTH   ; 8     ; Signed Integer                                                                ;
; C_DATA_WIDTH   ; 20    ; Signed Integer                                                                ;
+----------------+-------+-------------------------------------------------------------------------------+
Note: In order to hide this table in the UI and the text report file, please set the "Show Parameter Settings in Synthesis Report" option in "Analysis and Synthesis Settings -> More Settings" to "Off".


+------------------------------------------------------------------------------------------------------------+
; Parameter Settings for User Entity Instance: histEQ_proc:histEQ_proc_inst|ram_dual_port:ram_dual_port_inst ;
+----------------+-------+-----------------------------------------------------------------------------------+
; Parameter Name ; Value ; Type                                                                              ;
+----------------+-------+-----------------------------------------------------------------------------------+
; C_ADDR_WIDTH   ; 8     ; Signed Integer                                                                    ;
; C_DATA_WIDTH   ; 20    ; Signed Integer                                                                    ;
+----------------+-------+-----------------------------------------------------------------------------------+
Note: In order to hide this table in the UI and the text report file, please set the "Show Parameter Settings in Synthesis Report" option in "Analysis and Synthesis Settings -> More Settings" to "Off".


+------------------------------------------------------------------------------------------------------------+
; Analysis & Elaboration Settings                                                                            ;
+------------------------------------------------------------------+--------------------+--------------------+
; Option                                                           ; Setting            ; Default Value      ;
+------------------------------------------------------------------+--------------------+--------------------+
; Device                                                           ; EP4CE10F17C8       ;                    ;
; Top-level entity name                                            ; image_HistEQ       ; image_HistEQ       ;
; Family name                                                      ; Cyclone IV E       ; Cyclone V          ;
; Use smart compilation                                            ; Off                ; Off                ;
; Enable parallel Assembler and Timing Analyzer during compilation ; On                 ; On                 ;
; Enable compact report table                                      ; Off                ; Off                ;
; Restructure Multiplexers                                         ; Auto               ; Auto               ;
; Create Debugging Nodes for IP Cores                              ; Off                ; Off                ;
; Preserve fewer node names                                        ; On                 ; On                 ;
; Intel FPGA IP Evaluation Mode                                    ; Enable             ; Enable             ;
; Verilog Version                                                  ; Verilog_2001       ; Verilog_2001       ;
; VHDL Version                                                     ; VHDL_1993          ; VHDL_1993          ;
; State Machine Processing                                         ; Auto               ; Auto               ;
; Safe State Machine                                               ; Off                ; Off                ;
; Extract Verilog State Machines                                   ; On                 ; On                 ;
; Extract VHDL State Machines                                      ; On                 ; On                 ;
; Ignore Verilog initial constructs                                ; Off                ; Off                ;
; Iteration limit for constant Verilog loops                       ; 5000               ; 5000               ;
; Iteration limit for non-constant Verilog loops                   ; 250                ; 250                ;
; Add Pass-Through Logic to Inferred RAMs                          ; On                 ; On                 ;
; Infer RAMs from Raw Logic                                        ; On                 ; On                 ;
; Parallel Synthesis                                               ; On                 ; On                 ;
; DSP Block Balancing                                              ; Auto               ; Auto               ;
; NOT Gate Push-Back                                               ; On                 ; On                 ;
; Power-Up Don't Care                                              ; On                 ; On                 ;
; Remove Redundant Logic Cells                                     ; Off                ; Off                ;
; Remove Duplicate Registers                                       ; On                 ; On                 ;
; Ignore CARRY Buffers                                             ; Off                ; Off                ;
; Ignore CASCADE Buffers                                           ; Off                ; Off                ;
; Ignore GLOBAL Buffers                                            ; Off                ; Off                ;
; Ignore ROW GLOBAL Buffers                                        ; Off                ; Off                ;
; Ignore LCELL Buffers                                             ; Off                ; Off                ;
; Ignore SOFT Buffers                                              ; On                 ; On                 ;
; Limit AHDL Integers to 32 Bits                                   ; Off                ; Off                ;
; Optimization Technique                                           ; Balanced           ; Balanced           ;
; Carry Chain Length                                               ; 70                 ; 70                 ;
; Auto Carry Chains                                                ; On                 ; On                 ;
; Auto Open-Drain Pins                                             ; On                 ; On                 ;
; Perform WYSIWYG Primitive Resynthesis                            ; Off                ; Off                ;
; Auto ROM Replacement                                             ; On                 ; On                 ;
; Auto RAM Replacement                                             ; On                 ; On                 ;
; Auto DSP Block Replacement                                       ; On                 ; On                 ;
; Auto Shift Register Replacement                                  ; Auto               ; Auto               ;
; Allow Shift Register Merging across Hierarchies                  ; Auto               ; Auto               ;
; Auto Clock Enable Replacement                                    ; On                 ; On                 ;
; Strict RAM Replacement                                           ; Off                ; Off                ;
; Allow Synchronous Control Signals                                ; On                 ; On                 ;
; Force Use of Synchronous Clear Signals                           ; Off                ; Off                ;
; Auto RAM Block Balancing                                         ; On                 ; On                 ;
; Auto RAM to Logic Cell Conversion                                ; Off                ; Off                ;
; Auto Resource Sharing                                            ; Off                ; Off                ;
; Allow Any RAM Size For Recognition                               ; Off                ; Off                ;
; Allow Any ROM Size For Recognition                               ; Off                ; Off                ;
; Allow Any Shift Register Size For Recognition                    ; Off                ; Off                ;
; Use LogicLock Constraints during Resource Balancing              ; On                 ; On                 ;
; Ignore translate_off and synthesis_off directives                ; Off                ; Off                ;
; Timing-Driven Synthesis                                          ; On                 ; On                 ;
; Report Parameter Settings                                        ; On                 ; On                 ;
; Report Source Assignments                                        ; On                 ; On                 ;
; Report Connectivity Checks                                       ; On                 ; On                 ;
; Ignore Maximum Fan-Out Assignments                               ; Off                ; Off                ;
; Synchronization Register Chain Length                            ; 2                  ; 2                  ;
; Power Optimization During Synthesis                              ; Normal compilation ; Normal compilation ;
; HDL message level                                                ; Level2             ; Level2             ;
; Suppress Register Optimization Related Messages                  ; Off                ; Off                ;
; Number of Removed Registers Reported in Synthesis Report         ; 5000               ; 5000               ;
; Number of Swept Nodes Reported in Synthesis Report               ; 5000               ; 5000               ;
; Number of Inverted Registers Reported in Synthesis Report        ; 100                ; 100                ;
; Clock MUX Protection                                             ; On                 ; On                 ;
; Auto Gated Clock Conversion                                      ; Off                ; Off                ;
; Block Design Naming                                              ; Auto               ; Auto               ;
; SDC constraint protection                                        ; Off                ; Off                ;
; Synthesis Effort                                                 ; Auto               ; Auto               ;
; Shift Register Replacement - Allow Asynchronous Clear Signal     ; On                 ; On                 ;
; Pre-Mapping Resynthesis Optimization                             ; Off                ; Off                ;
; Analysis & Synthesis Message Level                               ; Medium             ; Medium             ;
; Disable Register Merging Across Hierarchies                      ; Auto               ; Auto               ;
; Resource Aware Inference For Block RAM                           ; On                 ; On                 ;
+------------------------------------------------------------------+--------------------+--------------------+


+-------------------------------------------------------------------------------------------+
; Port Connectivity Checks: "histEQ_proc:histEQ_proc_inst|ram_dual_port:ram_dual_port_inst" ;
+--------+--------+----------+--------------------------------------------------------------+
; Port   ; Type   ; Severity ; Details                                                      ;
+--------+--------+----------+--------------------------------------------------------------+
; dout_a ; Output ; Info     ; Explicitly unconnected                                       ;
; wren_b ; Input  ; Info     ; Stuck at GND                                                 ;
; din_b  ; Input  ; Info     ; Stuck at GND                                                 ;
+--------+--------+----------+--------------------------------------------------------------+


+------------------------------------------------------------------+
; Port Connectivity Checks: "histEQ_proc:histEQ_proc_inst"         ;
+---------------------+--------+----------+------------------------+
; Port                ; Type   ; Severity ; Details                ;
+---------------------+--------+----------+------------------------+
; pixel_level         ; Input  ; Info     ; Explicitly unconnected ;
; pixel_level_acc_num ; Input  ; Info     ; Explicitly unconnected ;
; pixel_level_valid   ; Input  ; Info     ; Explicitly unconnected ;
; histEQ_start_flag   ; Output ; Info     ; Explicitly unconnected ;
; per_img_vsync       ; Input  ; Info     ; Explicitly unconnected ;
; per_img_href        ; Input  ; Info     ; Explicitly unconnected ;
; per_img_gray        ; Input  ; Info     ; Explicitly unconnected ;
; post_img_vsync      ; Output ; Info     ; Explicitly unconnected ;
; post_img_href       ; Output ; Info     ; Explicitly unconnected ;
; post_img_gray       ; Output ; Info     ; Explicitly unconnected ;
+---------------------+--------+----------+------------------------+


+---------------------------------------------------------------------------------------+
; Port Connectivity Checks: "hist_stat:hist_stat_inst|ram_dual_port:ram_dual_port_inst" ;
+-------+-------+----------+------------------------------------------------------------+
; Port  ; Type  ; Severity ; Details                                                    ;
+-------+-------+----------+------------------------------------------------------------+
; din_a ; Input ; Info     ; Stuck at GND                                               ;
+-------+-------+----------+------------------------------------------------------------+


+------------------------------------------------------------------+
; Port Connectivity Checks: "hist_stat:hist_stat_inst"             ;
+---------------------+--------+----------+------------------------+
; Port                ; Type   ; Severity ; Details                ;
+---------------------+--------+----------+------------------------+
; img_vsync           ; Input  ; Info     ; Explicitly unconnected ;
; img_href            ; Input  ; Info     ; Explicitly unconnected ;
; img_gray            ; Input  ; Info     ; Explicitly unconnected ;
; pixel_level         ; Output ; Info     ; Explicitly unconnected ;
; pixel_level_acc_num ; Output ; Info     ; Explicitly unconnected ;
; pixel_level_valid   ; Output ; Info     ; Explicitly unconnected ;
+---------------------+--------+----------+------------------------+


+---------------------------------+
; Analysis & Elaboration Messages ;
+---------------------------------+
Info: *******************************************************************
Info: Running Quartus Prime Analysis & Elaboration
    Info: Version 18.1.0 Build 625 09/12/2018 SJ Standard Edition
    Info: Processing started: Sun Sep 17 17:14:07 2023
Info: Command: quartus_map --read_settings_files=on --write_settings_files=off image_HistEQ -c image_HistEQ --analysis_and_elaboration
Warning (18236): Number of processors has not been specified which may cause overloading on shared machines.  Set the global assignment NUM_PARALLEL_PROCESSORS in your QSF to an appropriate value for best performance.
Info (20030): Parallel compilation is enabled and will use 6 of the 6 processors detected
Info (12021): Found 1 design units, including 1 entities, in source file /image/image_processing/histgram_eq/verilog/rtl/ram_dual_port.v
    Info (12023): Found entity 1: ram_dual_port File: E:/image/image_processing/Histgram_EQ/verilog/rtl/ram_dual_port.v Line: 1
Info (12021): Found 1 design units, including 1 entities, in source file /image/image_processing/histgram_eq/verilog/rtl/image_histeq.v
    Info (12023): Found entity 1: image_HistEQ File: E:/image/image_processing/Histgram_EQ/verilog/rtl/image_HistEQ.v Line: 1
Info (12021): Found 1 design units, including 1 entities, in source file /image/image_processing/histgram_eq/verilog/rtl/histeq_proc.v
    Info (12023): Found entity 1: histEQ_proc File: E:/image/image_processing/Histgram_EQ/verilog/rtl/histEQ_proc.v Line: 1
Info (12021): Found 1 design units, including 1 entities, in source file /image/image_processing/histgram_eq/verilog/rtl/hist_stat.v
    Info (12023): Found entity 1: hist_stat File: E:/image/image_processing/Histgram_EQ/verilog/rtl/hist_stat.v Line: 1
Info (12021): Found 1 design units, including 1 entities, in source file /image/image_processing/histgram_eq/verilog/sim/test.sv
    Info (12023): Found entity 1: test File: E:/image/image_processing/Histgram_EQ/verilog/sim/test.sv Line: 2
Info (12127): Elaborating entity "image_HistEQ" for the top level hierarchy
Info (12128): Elaborating entity "hist_stat" for hierarchy "hist_stat:hist_stat_inst" File: E:/image/image_processing/Histgram_EQ/verilog/rtl/image_HistEQ.v Line: 19
Warning (10230): Verilog HDL assignment warning at hist_stat.v(165): truncated value with size 9 to match size of target (8) File: E:/image/image_processing/Histgram_EQ/verilog/rtl/hist_stat.v Line: 165
Info (12128): Elaborating entity "ram_dual_port" for hierarchy "hist_stat:hist_stat_inst|ram_dual_port:ram_dual_port_inst" File: E:/image/image_processing/Histgram_EQ/verilog/rtl/hist_stat.v Line: 267
Info (12128): Elaborating entity "histEQ_proc" for hierarchy "histEQ_proc:histEQ_proc_inst" File: E:/image/image_processing/Histgram_EQ/verilog/rtl/image_HistEQ.v Line: 34
Warning (10230): Verilog HDL assignment warning at histEQ_proc.v(89): truncated value with size 4 to match size of target (3) File: E:/image/image_processing/Histgram_EQ/verilog/rtl/histEQ_proc.v Line: 89
Warning (10230): Verilog HDL assignment warning at histEQ_proc.v(90): truncated value with size 4 to match size of target (3) File: E:/image/image_processing/Histgram_EQ/verilog/rtl/histEQ_proc.v Line: 90
Info: Quartus Prime Analysis & Elaboration was successful. 0 errors, 4 warnings
    Info: Peak virtual memory: 4709 megabytes
    Info: Processing ended: Sun Sep 17 17:14:16 2023
    Info: Elapsed time: 00:00:09
    Info: Total CPU time (on all processors): 00:00:19


